<?xml version='1.0' encoding='UTF-8'?>
<testsuite hostname="DESKTOP-OHF34TQ" name="ConverterTest" tests="2" errors="0" failures="0" skipped="0" time="6.267" timestamp="2024-06-04T19:02:48">
          <properties>
[...]
</properties>
          <testcase classname="ConverterTest" name="ExchangeSingle -&gt; getExchangeRateDate" time="0.959">
                      
                    </testcase><testcase classname="ConverterTest" name="ExchangeSingle - getExchangeRatesRange" time="5.308">
                      
                    </testcase>
          <system-out><![CDATA[]]></system-out>
          <system-err><![CDATA[]]></system-err>
        </testsuite>